<?xml version="1.0" encoding="UTF-8"?>

<persistence xmlns="http://java.sun.com/xml/ns/persistence"
	version="1.0">
	<persistence-unit name="testPU" transaction-type="RESOURCE_LOCAL">
		<provider>org.hibernate.ejb.HibernatePersistence</provider>

		<class>musicservice.model.User</class>
		<class>musicservice.model.Level</class>		
		<class>musicservice.model.Quiz</class>
		<class>musicservice.model.Question</class>
		<class>musicservice.model.Demo</class>
		<class>musicservice.model.Note</class>

		<properties>
			<property name="hibernate.hbm2ddl.auto" value="create-drop" />
			<property name="hibernate.show_sql" value="true" />
		</properties>
	</persistence-unit>
</persistence>